
ROM used: 303 (4%)
          303 (4%) including unused fragments

          1 Average locations per line
          6 Average locations per statement

RAM used: 11 (3%) at main() level
          12 (3%) worst case

Stack used: 1 worst case (out of 8 total available)

Lines Stmts  %   Files
----- ----- ---  -----
   87    48 100  7_segments.c
  411     0   0  C:\Program Files (x86)\PICC\devices\16f887.h
----- -----
  498    48 Total

Page ROM  %  RAM   Vol Diff  Functions:
---- --- --- ---   --- ----  ----------
0     20   7   1             @delay_ms1
0     15   5   0             @const59
0    264  87   1  1720  4.9  main

Program metrics:
    Functions               1
    Statements              48
    Comments                84
    Volume (V)              1726
    Difficilty (D)          4.8
    Effort to implement (E) 8321
    Time to implement (T)   8 minutes
    Est Delivered Bugs (B)  0
    Cyclomatic Complexity   7
    Maintainability (MI)    118

 Segment     Used  Free
-----------  ----  ----
00000-00003     4  0  
00004-007FF   299  1745  
00800-00FFF     0  2048  
01000-017FF     0  2048  
01800-01FFF     0  2048  



